<?xml version="1.0" encoding="UTF-8"?>
<!-- Generated by org.testng.reporters.JUnitReportReporter -->
<testsuite hostname="AR-NB-112" name="example.NewTest" tests="1" failures="0" timestamp="5 Feb 2019 14:12:24 GMT" time="11.689" errors="0">
  <testcase name="testEasy" time="11.689" classname="example.NewTest"/>
</testsuite> <!-- example.NewTest -->
